{"/Users/davidejesuscruz/Desktop/projects/DoeVida/.jest/mocks/fileMock.js": {"path":"/Users/davidejesuscruz/Desktop/projects/DoeVida/.jest/mocks/fileMock.js","statementMap":{"0":{"start":{"line":1,"column":0},"end":{"line":1,"column":33}}},"fnMap":{},"branchMap":{},"s":{"0":2},"f":{},"b":{},"_coverageSchema":"1a1c01bbd47fc00a2c39e90264f33305004495a9","hash":"8fb3a3250e5fa57fb648b58c01a9e87ba8e17d07"}
,"/Users/davidejesuscruz/Desktop/projects/DoeVida/src/assets/colors/index.ts": {"path":"/Users/davidejesuscruz/Desktop/projects/DoeVida/src/assets/colors/index.ts","statementMap":{},"fnMap":{},"branchMap":{},"s":{},"f":{},"b":{},"_coverageSchema":"1a1c01bbd47fc00a2c39e90264f33305004495a9","hash":"fc4afc2c8548a527c8cada9e823899de662c0ba2"}
,"/Users/davidejesuscruz/Desktop/projects/DoeVida/src/components/Button/index.tsx": {"path":"/Users/davidejesuscruz/Desktop/projects/DoeVida/src/components/Button/index.tsx","statementMap":{"0":{"start":{"line":3,"column":22},"end":{"line":9,"column":1}},"1":{"start":{"line":4,"column":2},"end":{"line":8,"column":4}}},"fnMap":{"0":{"name":"(anonymous_0)","decl":{"start":{"line":3,"column":22},"end":{"line":3,"column":23}},"loc":{"start":{"line":3,"column":57},"end":{"line":9,"column":1}},"line":3}},"branchMap":{},"s":{"0":3,"1":8},"f":{"0":8},"b":{},"_coverageSchema":"1a1c01bbd47fc00a2c39e90264f33305004495a9","hash":"f211ce403cb24d67ec13fce2c790fd4af7d0329e"}
,"/Users/davidejesuscruz/Desktop/projects/DoeVida/src/components/Button/styles.ts": {"path":"/Users/davidejesuscruz/Desktop/projects/DoeVida/src/components/Button/styles.ts","statementMap":{"0":{"start":{"line":4,"column":25},"end":{"line":24,"column":1}}},"fnMap":{},"branchMap":{},"s":{"0":3},"f":{},"b":{},"_coverageSchema":"1a1c01bbd47fc00a2c39e90264f33305004495a9","hash":"7672aeb236c97e352800fc5c07cde9fd371c8706"}
,"/Users/davidejesuscruz/Desktop/projects/DoeVida/src/components/ButtonLink/index.tsx": {"path":"/Users/davidejesuscruz/Desktop/projects/DoeVida/src/components/ButtonLink/index.tsx","statementMap":{"0":{"start":{"line":5,"column":49},"end":{"line":20,"column":1}},"1":{"start":{"line":10,"column":2},"end":{"line":19,"column":4}}},"fnMap":{"0":{"name":"(anonymous_0)","decl":{"start":{"line":5,"column":49},"end":{"line":5,"column":50}},"loc":{"start":{"line":9,"column":6},"end":{"line":20,"column":1}},"line":9}},"branchMap":{},"s":{"0":3,"1":14},"f":{"0":14},"b":{},"_coverageSchema":"1a1c01bbd47fc00a2c39e90264f33305004495a9","hash":"f43cad43d6eac179dcc350a6fe5836cdd272c5d6"}
,"/Users/davidejesuscruz/Desktop/projects/DoeVida/src/components/ButtonLink/styles.ts": {"path":"/Users/davidejesuscruz/Desktop/projects/DoeVida/src/components/ButtonLink/styles.ts","statementMap":{"0":{"start":{"line":4,"column":25},"end":{"line":13,"column":1}}},"fnMap":{},"branchMap":{},"s":{"0":3},"f":{},"b":{},"_coverageSchema":"1a1c01bbd47fc00a2c39e90264f33305004495a9","hash":"aeba08b0051f953cd0c967f992d5db0b5ef6fd66"}
,"/Users/davidejesuscruz/Desktop/projects/DoeVida/src/components/ButtonOutline/index.tsx": {"path":"/Users/davidejesuscruz/Desktop/projects/DoeVida/src/components/ButtonOutline/index.tsx","statementMap":{"0":{"start":{"line":5,"column":52},"end":{"line":20,"column":1}},"1":{"start":{"line":10,"column":2},"end":{"line":19,"column":4}}},"fnMap":{"0":{"name":"(anonymous_0)","decl":{"start":{"line":5,"column":52},"end":{"line":5,"column":53}},"loc":{"start":{"line":9,"column":6},"end":{"line":20,"column":1}},"line":9}},"branchMap":{},"s":{"0":1,"1":2},"f":{"0":2},"b":{},"_coverageSchema":"1a1c01bbd47fc00a2c39e90264f33305004495a9","hash":"50bf4a1c4c36dd20b13f0dfc6f5f7a217535a09b"}
,"/Users/davidejesuscruz/Desktop/projects/DoeVida/src/components/ButtonOutline/styles.ts": {"path":"/Users/davidejesuscruz/Desktop/projects/DoeVida/src/components/ButtonOutline/styles.ts","statementMap":{"0":{"start":{"line":4,"column":25},"end":{"line":16,"column":1}}},"fnMap":{},"branchMap":{},"s":{"0":1},"f":{},"b":{},"_coverageSchema":"1a1c01bbd47fc00a2c39e90264f33305004495a9","hash":"06b6ad1045f74d958737b9b5c8fed00cbba06ec4"}
,"/Users/davidejesuscruz/Desktop/projects/DoeVida/src/components/HeaderWithout/index.tsx": {"path":"/Users/davidejesuscruz/Desktop/projects/DoeVida/src/components/HeaderWithout/index.tsx","statementMap":{"0":{"start":{"line":6,"column":16},"end":{"line":6,"column":32}},"1":{"start":{"line":7,"column":2},"end":{"line":12,"column":4}}},"fnMap":{"0":{"name":"HeaderWithout","decl":{"start":{"line":5,"column":16},"end":{"line":5,"column":29}},"loc":{"start":{"line":5,"column":32},"end":{"line":13,"column":1}},"line":5}},"branchMap":{},"s":{"0":2,"1":2},"f":{"0":2},"b":{},"_coverageSchema":"1a1c01bbd47fc00a2c39e90264f33305004495a9","hash":"13d3640bf9d9963ec0f9aed15bdce1221161ee0a"}
,"/Users/davidejesuscruz/Desktop/projects/DoeVida/src/components/HeaderWithout/styles.ts": {"path":"/Users/davidejesuscruz/Desktop/projects/DoeVida/src/components/HeaderWithout/styles.ts","statementMap":{"0":{"start":{"line":4,"column":25},"end":{"line":13,"column":1}},"1":{"start":{"line":15,"column":20},"end":{"line":18,"column":1}},"2":{"start":{"line":20,"column":21},"end":{"line":24,"column":1}}},"fnMap":{},"branchMap":{},"s":{"0":2,"1":2,"2":2},"f":{},"b":{},"_coverageSchema":"1a1c01bbd47fc00a2c39e90264f33305004495a9","hash":"12aa2eb5e490e841a8f6745f59eb5f9c28f8ffa1"}
,"/Users/davidejesuscruz/Desktop/projects/DoeVida/src/components/Input/index.tsx": {"path":"/Users/davidejesuscruz/Desktop/projects/DoeVida/src/components/Input/index.tsx","statementMap":{"0":{"start":{"line":3,"column":21},"end":{"line":16,"column":1}},"1":{"start":{"line":4,"column":2},"end":{"line":15,"column":4}}},"fnMap":{"0":{"name":"(anonymous_0)","decl":{"start":{"line":3,"column":21},"end":{"line":3,"column":22}},"loc":{"start":{"line":3,"column":66},"end":{"line":16,"column":1}},"line":3}},"branchMap":{},"s":{"0":3,"1":14},"f":{"0":14},"b":{},"_coverageSchema":"1a1c01bbd47fc00a2c39e90264f33305004495a9","hash":"51a47631909e0a5d7f5aa032c440d2f7abcdb30b"}
,"/Users/davidejesuscruz/Desktop/projects/DoeVida/src/components/Input/styles.ts": {"path":"/Users/davidejesuscruz/Desktop/projects/DoeVida/src/components/Input/styles.ts","statementMap":{"0":{"start":{"line":4,"column":25},"end":{"line":10,"column":1}},"1":{"start":{"line":12,"column":23},"end":{"line":16,"column":1}},"2":{"start":{"line":18,"column":21},"end":{"line":23,"column":1}}},"fnMap":{},"branchMap":{},"s":{"0":3,"1":3,"2":3},"f":{},"b":{},"_coverageSchema":"1a1c01bbd47fc00a2c39e90264f33305004495a9","hash":"22f133aebee9ac51a0f1a3d20904b317b125202b"}
,"/Users/davidejesuscruz/Desktop/projects/DoeVida/src/components/Input copy/index.tsx": {"path":"/Users/davidejesuscruz/Desktop/projects/DoeVida/src/components/Input copy/index.tsx","statementMap":{"0":{"start":{"line":4,"column":21},"end":{"line":11,"column":1}},"1":{"start":{"line":5,"column":2},"end":{"line":10,"column":4}}},"fnMap":{"0":{"name":"(anonymous_0)","decl":{"start":{"line":4,"column":21},"end":{"line":4,"column":22}},"loc":{"start":{"line":4,"column":71},"end":{"line":11,"column":1}},"line":4}},"branchMap":{},"s":{"0":1,"1":1},"f":{"0":1},"b":{},"_coverageSchema":"1a1c01bbd47fc00a2c39e90264f33305004495a9","hash":"9d198ff8d9dd41f100a4bf3d9f2dbbe21b44dd1d"}
,"/Users/davidejesuscruz/Desktop/projects/DoeVida/src/components/Input copy/styles.ts": {"path":"/Users/davidejesuscruz/Desktop/projects/DoeVida/src/components/Input copy/styles.ts","statementMap":{"0":{"start":{"line":4,"column":25},"end":{"line":8,"column":1}},"1":{"start":{"line":10,"column":27},"end":{"line":16,"column":1}},"2":{"start":{"line":18,"column":21},"end":{"line":23,"column":1}}},"fnMap":{},"branchMap":{},"s":{"0":1,"1":1,"2":1},"f":{},"b":{},"_coverageSchema":"1a1c01bbd47fc00a2c39e90264f33305004495a9","hash":"33d4fef128db17e9e2c915ee14d8cf80c261039b"}
,"/Users/davidejesuscruz/Desktop/projects/DoeVida/src/pages/SignIn/index.tsx": {"path":"/Users/davidejesuscruz/Desktop/projects/DoeVida/src/pages/SignIn/index.tsx","statementMap":{"0":{"start":{"line":9,"column":25},"end":{"line":23,"column":1}},"1":{"start":{"line":10,"column":2},"end":{"line":22,"column":4}}},"fnMap":{"0":{"name":"(anonymous_0)","decl":{"start":{"line":9,"column":25},"end":{"line":9,"column":26}},"loc":{"start":{"line":9,"column":31},"end":{"line":23,"column":1}},"line":9}},"branchMap":{},"s":{"0":1,"1":1},"f":{"0":1},"b":{},"_coverageSchema":"1a1c01bbd47fc00a2c39e90264f33305004495a9","hash":"1ae911a19bf7fd3ce8e8a80ea2acfad498dd45db"}
,"/Users/davidejesuscruz/Desktop/projects/DoeVida/src/pages/SignIn/styles.ts": {"path":"/Users/davidejesuscruz/Desktop/projects/DoeVida/src/pages/SignIn/styles.ts","statementMap":{"0":{"start":{"line":4,"column":26},"end":{"line":4,"column":39}},"1":{"start":{"line":6,"column":25},"end":{"line":17,"column":1}},"2":{"start":{"line":19,"column":21},"end":{"line":24,"column":1}},"3":{"start":{"line":26,"column":33},"end":{"line":29,"column":1}},"4":{"start":{"line":31,"column":23},"end":{"line":36,"column":1}},"5":{"start":{"line":38,"column":27},"end":{"line":53,"column":1}},"6":{"start":{"line":55,"column":21},"end":{"line":57,"column":1}},"7":{"start":{"line":59,"column":20},"end":{"line":64,"column":1}},"8":{"start":{"line":66,"column":41},"end":{"line":71,"column":1}},"9":{"start":{"line":73,"column":38},"end":{"line":78,"column":1}}},"fnMap":{},"branchMap":{},"s":{"0":1,"1":1,"2":1,"3":1,"4":1,"5":1,"6":1,"7":1,"8":1,"9":1},"f":{},"b":{},"_coverageSchema":"1a1c01bbd47fc00a2c39e90264f33305004495a9","hash":"88b395df278aa63187e0163355bdba2518101964"}
,"/Users/davidejesuscruz/Desktop/projects/DoeVida/src/pages/SignIn/components/CardForm/index.tsx": {"path":"/Users/davidejesuscruz/Desktop/projects/DoeVida/src/pages/SignIn/components/CardForm/index.tsx","statementMap":{"0":{"start":{"line":13,"column":27},"end":{"line":78,"column":1}},"1":{"start":{"line":14,"column":19},"end":{"line":14,"column":32}},"2":{"start":{"line":15,"column":16},"end":{"line":15,"column":32}},"3":{"start":{"line":20,"column":6},"end":{"line":24,"column":4}},"4":{"start":{"line":26,"column":27},"end":{"line":28,"column":3}},"5":{"start":{"line":27,"column":4},"end":{"line":27,"column":43}},"6":{"start":{"line":30,"column":19},"end":{"line":32,"column":3}},"7":{"start":{"line":31,"column":4},"end":{"line":31,"column":41}},"8":{"start":{"line":34,"column":2},"end":{"line":77,"column":4}},"9":{"start":{"line":64,"column":29},"end":{"line":64,"column":77}}},"fnMap":{"0":{"name":"(anonymous_0)","decl":{"start":{"line":13,"column":27},"end":{"line":13,"column":28}},"loc":{"start":{"line":13,"column":33},"end":{"line":78,"column":1}},"line":13},"1":{"name":"(anonymous_1)","decl":{"start":{"line":26,"column":27},"end":{"line":26,"column":28}},"loc":{"start":{"line":26,"column":33},"end":{"line":28,"column":3}},"line":26},"2":{"name":"(anonymous_2)","decl":{"start":{"line":30,"column":19},"end":{"line":30,"column":20}},"loc":{"start":{"line":30,"column":40},"end":{"line":32,"column":3}},"line":30},"3":{"name":"(anonymous_3)","decl":{"start":{"line":64,"column":23},"end":{"line":64,"column":24}},"loc":{"start":{"line":64,"column":29},"end":{"line":64,"column":77}},"line":64}},"branchMap":{"0":{"loc":{"start":{"line":46,"column":9},"end":{"line":46,"column":71}},"type":"binary-expr","locations":[{"start":{"line":46,"column":9},"end":{"line":46,"column":20}},{"start":{"line":46,"column":24},"end":{"line":46,"column":71}}],"line":46},"1":{"loc":{"start":{"line":56,"column":9},"end":{"line":58,"column":9}},"type":"binary-expr","locations":[{"start":{"line":56,"column":9},"end":{"line":56,"column":25}},{"start":{"line":57,"column":10},"end":{"line":57,"column":62}}],"line":56}},"s":{"0":2,"1":6,"2":6,"3":6,"4":6,"5":1,"6":6,"7":0,"8":6,"9":1},"f":{"0":6,"1":1,"2":0,"3":1},"b":{"0":[6,6],"1":[6,6]},"_coverageSchema":"1a1c01bbd47fc00a2c39e90264f33305004495a9","hash":"740fbabb77dc33538ff3c3cdd5141461d9c15447"}
,"/Users/davidejesuscruz/Desktop/projects/DoeVida/src/pages/SignIn/components/CardForm/styles.ts": {"path":"/Users/davidejesuscruz/Desktop/projects/DoeVida/src/pages/SignIn/components/CardForm/styles.ts","statementMap":{"0":{"start":{"line":4,"column":18},"end":{"line":4,"column":31}},"1":{"start":{"line":6,"column":27},"end":{"line":21,"column":1}},"2":{"start":{"line":23,"column":21},"end":{"line":25,"column":1}},"3":{"start":{"line":27,"column":31},"end":{"line":32,"column":1}},"4":{"start":{"line":34,"column":41},"end":{"line":39,"column":1}},"5":{"start":{"line":41,"column":38},"end":{"line":46,"column":1}},"6":{"start":{"line":48,"column":25},"end":{"line":51,"column":1}}},"fnMap":{},"branchMap":{},"s":{"0":2,"1":2,"2":2,"3":2,"4":2,"5":2,"6":2},"f":{},"b":{},"_coverageSchema":"1a1c01bbd47fc00a2c39e90264f33305004495a9","hash":"d631a638b411a6c1edafe22c4c6cf914505a073d"}
,"/Users/davidejesuscruz/Desktop/projects/DoeVida/src/pages/SignIn/components/CardForm/types.ts": {"path":"/Users/davidejesuscruz/Desktop/projects/DoeVida/src/pages/SignIn/components/CardForm/types.ts","statementMap":{"0":{"start":{"line":3,"column":26},"end":{"line":6,"column":2}}},"fnMap":{},"branchMap":{},"s":{"0":2},"f":{},"b":{},"_coverageSchema":"1a1c01bbd47fc00a2c39e90264f33305004495a9","hash":"d2a0fb2aee85b0d9cfd1981d10749ca5a190fdd4"}
}
