{"/Users/davidejesuscruz/Desktop/projects/DoeVida/.jest/mocks/fileMock.js": {"path":"/Users/davidejesuscruz/Desktop/projects/DoeVida/.jest/mocks/fileMock.js","statementMap":{"0":{"start":{"line":1,"column":0},"end":{"line":1,"column":33}}},"fnMap":{},"branchMap":{},"s":{"0":2},"f":{},"b":{},"_coverageSchema":"1a1c01bbd47fc00a2c39e90264f33305004495a9","hash":"8fb3a3250e5fa57fb648b58c01a9e87ba8e17d07"}
,"/Users/davidejesuscruz/Desktop/projects/DoeVida/src/assets/colors/index.ts": {"path":"/Users/davidejesuscruz/Desktop/projects/DoeVida/src/assets/colors/index.ts","statementMap":{},"fnMap":{},"branchMap":{},"s":{},"f":{},"b":{},"_coverageSchema":"1a1c01bbd47fc00a2c39e90264f33305004495a9","hash":"fc4afc2c8548a527c8cada9e823899de662c0ba2"}
,"/Users/davidejesuscruz/Desktop/projects/DoeVida/src/components/Button/index.tsx": {"path":"/Users/davidejesuscruz/Desktop/projects/DoeVida/src/components/Button/index.tsx","statementMap":{"0":{"start":{"line":5,"column":45},"end":{"line":20,"column":1}},"1":{"start":{"line":10,"column":2},"end":{"line":19,"column":4}}},"fnMap":{"0":{"name":"(anonymous_0)","decl":{"start":{"line":5,"column":45},"end":{"line":5,"column":46}},"loc":{"start":{"line":9,"column":6},"end":{"line":20,"column":1}},"line":9}},"branchMap":{},"s":{"0":2,"1":2},"f":{"0":2},"b":{},"_coverageSchema":"1a1c01bbd47fc00a2c39e90264f33305004495a9","hash":"17d8ac7dd760b7793c8f631dee414ecead5f87a9"}
,"/Users/davidejesuscruz/Desktop/projects/DoeVida/src/components/Button/styles.ts": {"path":"/Users/davidejesuscruz/Desktop/projects/DoeVida/src/components/Button/styles.ts","statementMap":{"0":{"start":{"line":4,"column":25},"end":{"line":24,"column":1}}},"fnMap":{},"branchMap":{},"s":{"0":2},"f":{},"b":{},"_coverageSchema":"1a1c01bbd47fc00a2c39e90264f33305004495a9","hash":"7672aeb236c97e352800fc5c07cde9fd371c8706"}
,"/Users/davidejesuscruz/Desktop/projects/DoeVida/src/components/ButtonLink/index.tsx": {"path":"/Users/davidejesuscruz/Desktop/projects/DoeVida/src/components/ButtonLink/index.tsx","statementMap":{"0":{"start":{"line":5,"column":49},"end":{"line":20,"column":1}},"1":{"start":{"line":10,"column":2},"end":{"line":19,"column":4}}},"fnMap":{"0":{"name":"(anonymous_0)","decl":{"start":{"line":5,"column":49},"end":{"line":5,"column":50}},"loc":{"start":{"line":9,"column":6},"end":{"line":20,"column":1}},"line":9}},"branchMap":{},"s":{"0":2,"1":2},"f":{"0":2},"b":{},"_coverageSchema":"1a1c01bbd47fc00a2c39e90264f33305004495a9","hash":"f43cad43d6eac179dcc350a6fe5836cdd272c5d6"}
,"/Users/davidejesuscruz/Desktop/projects/DoeVida/src/components/ButtonLink/styles.ts": {"path":"/Users/davidejesuscruz/Desktop/projects/DoeVida/src/components/ButtonLink/styles.ts","statementMap":{"0":{"start":{"line":4,"column":25},"end":{"line":13,"column":1}}},"fnMap":{},"branchMap":{},"s":{"0":2},"f":{},"b":{},"_coverageSchema":"1a1c01bbd47fc00a2c39e90264f33305004495a9","hash":"aeba08b0051f953cd0c967f992d5db0b5ef6fd66"}
,"/Users/davidejesuscruz/Desktop/projects/DoeVida/src/components/ButtonOutline/index.tsx": {"path":"/Users/davidejesuscruz/Desktop/projects/DoeVida/src/components/ButtonOutline/index.tsx","statementMap":{"0":{"start":{"line":5,"column":52},"end":{"line":20,"column":1}},"1":{"start":{"line":10,"column":2},"end":{"line":19,"column":4}}},"fnMap":{"0":{"name":"(anonymous_0)","decl":{"start":{"line":5,"column":52},"end":{"line":5,"column":53}},"loc":{"start":{"line":9,"column":6},"end":{"line":20,"column":1}},"line":9}},"branchMap":{},"s":{"0":1,"1":2},"f":{"0":2},"b":{},"_coverageSchema":"1a1c01bbd47fc00a2c39e90264f33305004495a9","hash":"50bf4a1c4c36dd20b13f0dfc6f5f7a217535a09b"}
,"/Users/davidejesuscruz/Desktop/projects/DoeVida/src/components/ButtonOutline/styles.ts": {"path":"/Users/davidejesuscruz/Desktop/projects/DoeVida/src/components/ButtonOutline/styles.ts","statementMap":{"0":{"start":{"line":4,"column":25},"end":{"line":16,"column":1}}},"fnMap":{},"branchMap":{},"s":{"0":1},"f":{},"b":{},"_coverageSchema":"1a1c01bbd47fc00a2c39e90264f33305004495a9","hash":"06b6ad1045f74d958737b9b5c8fed00cbba06ec4"}
,"/Users/davidejesuscruz/Desktop/projects/DoeVida/src/components/HeaderWithout/index.tsx": {"path":"/Users/davidejesuscruz/Desktop/projects/DoeVida/src/components/HeaderWithout/index.tsx","statementMap":{"0":{"start":{"line":6,"column":16},"end":{"line":6,"column":32}},"1":{"start":{"line":7,"column":2},"end":{"line":12,"column":4}}},"fnMap":{"0":{"name":"HeaderWithout","decl":{"start":{"line":5,"column":16},"end":{"line":5,"column":29}},"loc":{"start":{"line":5,"column":32},"end":{"line":13,"column":1}},"line":5}},"branchMap":{},"s":{"0":1,"1":1},"f":{"0":1},"b":{},"_coverageSchema":"1a1c01bbd47fc00a2c39e90264f33305004495a9","hash":"13d3640bf9d9963ec0f9aed15bdce1221161ee0a"}
,"/Users/davidejesuscruz/Desktop/projects/DoeVida/src/components/HeaderWithout/styles.ts": {"path":"/Users/davidejesuscruz/Desktop/projects/DoeVida/src/components/HeaderWithout/styles.ts","statementMap":{"0":{"start":{"line":4,"column":25},"end":{"line":13,"column":1}},"1":{"start":{"line":15,"column":20},"end":{"line":18,"column":1}},"2":{"start":{"line":20,"column":21},"end":{"line":24,"column":1}}},"fnMap":{},"branchMap":{},"s":{"0":2,"1":2,"2":2},"f":{},"b":{},"_coverageSchema":"1a1c01bbd47fc00a2c39e90264f33305004495a9","hash":"12aa2eb5e490e841a8f6745f59eb5f9c28f8ffa1"}
,"/Users/davidejesuscruz/Desktop/projects/DoeVida/src/components/Input/index.tsx": {"path":"/Users/davidejesuscruz/Desktop/projects/DoeVida/src/components/Input/index.tsx","statementMap":{"0":{"start":{"line":4,"column":21},"end":{"line":11,"column":1}},"1":{"start":{"line":5,"column":2},"end":{"line":10,"column":4}}},"fnMap":{"0":{"name":"(anonymous_0)","decl":{"start":{"line":4,"column":21},"end":{"line":4,"column":22}},"loc":{"start":{"line":4,"column":58},"end":{"line":11,"column":1}},"line":4}},"branchMap":{},"s":{"0":2,"1":1},"f":{"0":1},"b":{},"_coverageSchema":"1a1c01bbd47fc00a2c39e90264f33305004495a9","hash":"d08d9d3711bb015ecb44ef309c31f1b4b9a144b6"}
,"/Users/davidejesuscruz/Desktop/projects/DoeVida/src/components/Input/styles.ts": {"path":"/Users/davidejesuscruz/Desktop/projects/DoeVida/src/components/Input/styles.ts","statementMap":{"0":{"start":{"line":4,"column":25},"end":{"line":10,"column":1}},"1":{"start":{"line":12,"column":23},"end":{"line":16,"column":1}},"2":{"start":{"line":18,"column":21},"end":{"line":23,"column":1}}},"fnMap":{},"branchMap":{},"s":{"0":2,"1":2,"2":2},"f":{},"b":{},"_coverageSchema":"1a1c01bbd47fc00a2c39e90264f33305004495a9","hash":"22f133aebee9ac51a0f1a3d20904b317b125202b"}
,"/Users/davidejesuscruz/Desktop/projects/DoeVida/src/pages/SignIn/index.tsx": {"path":"/Users/davidejesuscruz/Desktop/projects/DoeVida/src/pages/SignIn/index.tsx","statementMap":{"0":{"start":{"line":16,"column":25},"end":{"line":81,"column":1}},"1":{"start":{"line":17,"column":16},"end":{"line":17,"column":32}},"2":{"start":{"line":18,"column":19},"end":{"line":18,"column":32}},"3":{"start":{"line":20,"column":37},"end":{"line":24,"column":4}},"4":{"start":{"line":26,"column":27},"end":{"line":28,"column":3}},"5":{"start":{"line":27,"column":4},"end":{"line":27,"column":43}},"6":{"start":{"line":30,"column":19},"end":{"line":32,"column":3}},"7":{"start":{"line":31,"column":24},"end":{"line":31,"column":75}},"8":{"start":{"line":34,"column":2},"end":{"line":80,"column":4}},"9":{"start":{"line":63,"column":35},"end":{"line":63,"column":64}},"10":{"start":{"line":90,"column":38},"end":{"line":90,"column":35812}},"11":{"start":{"line":90,"column":42},"end":{"line":90,"column":35801}},"12":{"start":{"line":90,"column":35850},"end":{"line":90,"column":35890}},"13":{"start":{"line":90,"column":35854},"end":{"line":90,"column":35879}},"14":{"start":{"line":90,"column":35891},"end":{"line":90,"column":35899}},"15":{"start":{"line":90,"column":35901},"end":{"line":90,"column":35907}},"16":{"start":{"line":90,"column":35943},"end":{"line":90,"column":35985}},"17":{"start":{"line":90,"column":35947},"end":{"line":90,"column":35974}},"18":{"start":{"line":90,"column":35986},"end":{"line":90,"column":35994}},"19":{"start":{"line":90,"column":35996},"end":{"line":90,"column":36002}},"20":{"start":{"line":90,"column":36019},"end":{"line":90,"column":36056}},"21":{"start":{"line":90,"column":36023},"end":{"line":90,"column":36045}},"22":{"start":{"line":90,"column":36058},"end":{"line":90,"column":36064}},"23":{"start":{"line":90,"column":36081},"end":{"line":90,"column":36121}},"24":{"start":{"line":90,"column":36085},"end":{"line":90,"column":36110}},"25":{"start":{"line":90,"column":36123},"end":{"line":90,"column":36129}}},"fnMap":{"0":{"name":"(anonymous_0)","decl":{"start":{"line":16,"column":25},"end":{"line":16,"column":26}},"loc":{"start":{"line":16,"column":31},"end":{"line":81,"column":1}},"line":16},"1":{"name":"(anonymous_1)","decl":{"start":{"line":26,"column":27},"end":{"line":26,"column":28}},"loc":{"start":{"line":26,"column":33},"end":{"line":28,"column":3}},"line":26},"2":{"name":"(anonymous_2)","decl":{"start":{"line":30,"column":19},"end":{"line":30,"column":20}},"loc":{"start":{"line":30,"column":34},"end":{"line":32,"column":3}},"line":30},"3":{"name":"(anonymous_3)","decl":{"start":{"line":63,"column":29},"end":{"line":63,"column":30}},"loc":{"start":{"line":63,"column":35},"end":{"line":63,"column":64}},"line":63},"4":{"name":"oo_cm","decl":{"start":{"line":90,"column":30},"end":{"line":90,"column":35}},"loc":{"start":{"line":90,"column":37},"end":{"line":90,"column":35813}},"line":90},"5":{"name":"oo_oo","decl":{"start":{"line":90,"column":35823},"end":{"line":90,"column":35828}},"loc":{"start":{"line":90,"column":35849},"end":{"line":90,"column":35900}},"line":90},"6":{"name":"oo_tr","decl":{"start":{"line":90,"column":35916},"end":{"line":90,"column":35921}},"loc":{"start":{"line":90,"column":35942},"end":{"line":90,"column":35995}},"line":90},"7":{"name":"oo_ts","decl":{"start":{"line":90,"column":36011},"end":{"line":90,"column":36016}},"loc":{"start":{"line":90,"column":36018},"end":{"line":90,"column":36057}},"line":90},"8":{"name":"oo_te","decl":{"start":{"line":90,"column":36073},"end":{"line":90,"column":36078}},"loc":{"start":{"line":90,"column":36080},"end":{"line":90,"column":36122}},"line":90}},"branchMap":{"0":{"loc":{"start":{"line":90,"column":49},"end":{"line":90,"column":35800}},"type":"binary-expr","locations":[{"start":{"line":90,"column":49},"end":{"line":90,"column":86}},{"start":{"line":90,"column":90},"end":{"line":90,"column":35800}}],"line":90}},"s":{"0":1,"1":21,"2":20,"3":0,"4":0,"5":0,"6":0,"7":0,"8":0,"9":0,"10":0,"11":0,"12":0,"13":0,"14":0,"15":1,"16":0,"17":0,"18":0,"19":1,"20":0,"21":0,"22":1,"23":0,"24":0,"25":1},"f":{"0":21,"1":0,"2":0,"3":0,"4":0,"5":0,"6":0,"7":0,"8":0},"b":{"0":[0,0]},"_coverageSchema":"1a1c01bbd47fc00a2c39e90264f33305004495a9","hash":"9a9307948564e1495ca50d910ddfe96ae3ffe7c5"}
,"/Users/davidejesuscruz/Desktop/projects/DoeVida/src/pages/SignIn/styles.ts": {"path":"/Users/davidejesuscruz/Desktop/projects/DoeVida/src/pages/SignIn/styles.ts","statementMap":{"0":{"start":{"line":4,"column":26},"end":{"line":4,"column":39}},"1":{"start":{"line":6,"column":25},"end":{"line":17,"column":1}},"2":{"start":{"line":19,"column":21},"end":{"line":24,"column":1}},"3":{"start":{"line":26,"column":33},"end":{"line":29,"column":1}},"4":{"start":{"line":31,"column":23},"end":{"line":36,"column":1}},"5":{"start":{"line":38,"column":27},"end":{"line":53,"column":1}},"6":{"start":{"line":55,"column":21},"end":{"line":57,"column":1}},"7":{"start":{"line":59,"column":20},"end":{"line":64,"column":1}},"8":{"start":{"line":66,"column":41},"end":{"line":71,"column":1}},"9":{"start":{"line":73,"column":38},"end":{"line":78,"column":1}}},"fnMap":{},"branchMap":{},"s":{"0":1,"1":1,"2":1,"3":1,"4":1,"5":1,"6":1,"7":1,"8":1,"9":1},"f":{},"b":{},"_coverageSchema":"1a1c01bbd47fc00a2c39e90264f33305004495a9","hash":"88b395df278aa63187e0163355bdba2518101964"}
,"/Users/davidejesuscruz/Desktop/projects/DoeVida/src/pages/SignIn/types.ts": {"path":"/Users/davidejesuscruz/Desktop/projects/DoeVida/src/pages/SignIn/types.ts","statementMap":{"0":{"start":{"line":3,"column":26},"end":{"line":6,"column":2}}},"fnMap":{},"branchMap":{},"s":{"0":1},"f":{},"b":{},"_coverageSchema":"1a1c01bbd47fc00a2c39e90264f33305004495a9","hash":"6b117f90ba4ca96606721fe64ac4b11e525175bf"}
}
