TN:
SF:.jest/mocks/fileMock.js
FNF:0
FNH:0
DA:1,2
LF:1
LH:1
BRF:0
BRH:0
end_of_record
TN:
SF:src/assets/colors/index.ts
FNF:0
FNH:0
LF:0
LH:0
BRF:0
BRH:0
end_of_record
TN:
SF:src/components/Button/index.tsx
FN:3,(anonymous_0)
FNF:1
FNH:1
FNDA:8,(anonymous_0)
DA:3,3
DA:4,8
LF:2
LH:2
BRF:0
BRH:0
end_of_record
TN:
SF:src/components/Button/styles.ts
FNF:0
FNH:0
DA:4,3
LF:1
LH:1
BRF:0
BRH:0
end_of_record
TN:
SF:src/components/ButtonLink/index.tsx
FN:5,(anonymous_0)
FNF:1
FNH:1
FNDA:14,(anonymous_0)
DA:5,3
DA:10,14
LF:2
LH:2
BRF:0
BRH:0
end_of_record
TN:
SF:src/components/ButtonLink/styles.ts
FNF:0
FNH:0
DA:4,3
LF:1
LH:1
BRF:0
BRH:0
end_of_record
TN:
SF:src/components/ButtonOutline/index.tsx
FN:5,(anonymous_0)
FNF:1
FNH:1
FNDA:2,(anonymous_0)
DA:5,1
DA:10,2
LF:2
LH:2
BRF:0
BRH:0
end_of_record
TN:
SF:src/components/ButtonOutline/styles.ts
FNF:0
FNH:0
DA:4,1
LF:1
LH:1
BRF:0
BRH:0
end_of_record
TN:
SF:src/components/HeaderWithout/index.tsx
FN:5,HeaderWithout
FNF:1
FNH:1
FNDA:2,HeaderWithout
DA:6,2
DA:7,2
LF:2
LH:2
BRF:0
BRH:0
end_of_record
TN:
SF:src/components/HeaderWithout/styles.ts
FNF:0
FNH:0
DA:4,2
DA:15,2
DA:20,2
LF:3
LH:3
BRF:0
BRH:0
end_of_record
TN:
SF:src/components/Input/index.tsx
FN:3,(anonymous_0)
FNF:1
FNH:1
FNDA:14,(anonymous_0)
DA:3,3
DA:4,14
LF:2
LH:2
BRF:0
BRH:0
end_of_record
TN:
SF:src/components/Input/styles.ts
FNF:0
FNH:0
DA:4,3
DA:12,3
DA:18,3
LF:3
LH:3
BRF:0
BRH:0
end_of_record
TN:
SF:src/components/Input copy/index.tsx
FN:4,(anonymous_0)
FNF:1
FNH:1
FNDA:1,(anonymous_0)
DA:4,1
DA:5,1
LF:2
LH:2
BRF:0
BRH:0
end_of_record
TN:
SF:src/components/Input copy/styles.ts
FNF:0
FNH:0
DA:4,1
DA:10,1
DA:18,1
LF:3
LH:3
BRF:0
BRH:0
end_of_record
TN:
SF:src/pages/SignIn/index.tsx
FN:9,(anonymous_0)
FNF:1
FNH:1
FNDA:1,(anonymous_0)
DA:9,1
DA:10,1
LF:2
LH:2
BRF:0
BRH:0
end_of_record
TN:
SF:src/pages/SignIn/styles.ts
FNF:0
FNH:0
DA:4,1
DA:6,1
DA:19,1
DA:26,1
DA:31,1
DA:38,1
DA:55,1
DA:59,1
DA:66,1
DA:73,1
LF:10
LH:10
BRF:0
BRH:0
end_of_record
TN:
SF:src/pages/SignIn/components/CardForm/index.tsx
FN:13,(anonymous_0)
FN:26,(anonymous_1)
FN:30,(anonymous_2)
FN:64,(anonymous_3)
FNF:4
FNH:3
FNDA:6,(anonymous_0)
FNDA:1,(anonymous_1)
FNDA:0,(anonymous_2)
FNDA:1,(anonymous_3)
DA:13,2
DA:14,6
DA:15,6
DA:20,6
DA:26,6
DA:27,1
DA:30,6
DA:31,0
DA:34,6
DA:64,1
LF:10
LH:9
BRDA:46,0,0,6
BRDA:46,0,1,6
BRDA:56,1,0,6
BRDA:56,1,1,6
BRF:4
BRH:4
end_of_record
TN:
SF:src/pages/SignIn/components/CardForm/styles.ts
FNF:0
FNH:0
DA:4,2
DA:6,2
DA:23,2
DA:27,2
DA:34,2
DA:41,2
DA:48,2
LF:7
LH:7
BRF:0
BRH:0
end_of_record
TN:
SF:src/pages/SignIn/components/CardForm/types.ts
FNF:0
FNH:0
DA:3,2
LF:1
LH:1
BRF:0
BRH:0
end_of_record
